{"C:\\Users\\hp\\OneDrive\\Desktop\\Project-iNG\\Project-iNG\\my-app\\src\\main.ts": {"path":"C:\\Users\\hp\\OneDrive\\Desktop\\Project-iNG\\Project-iNG\\my-app\\src\\main.ts","statementMap":{"0":{"start":{"line":4,"column":19},"end":{"line":4,"column":66}},"1":{"start":{"line":5,"column":0},"end":{"line":5,"column":23}}},"fnMap":{},"branchMap":{},"s":{"0":0,"1":0},"f":{},"b":{}}
,"C:\\Users\\hp\\OneDrive\\Desktop\\Project-iNG\\Project-iNG\\my-app\\src\\todos.ts": {"path":"C:\\Users\\hp\\OneDrive\\Desktop\\Project-iNG\\Project-iNG\\my-app\\src\\todos.ts","statementMap":{"0":{"start":{"line":9,"column":26},"end":{"line":9,"column":28}},"1":{"start":{"line":10,"column":27},"end":{"line":10,"column":28}},"2":{"start":{"line":11,"column":51},"end":{"line":11,"column":56}},"3":{"start":{"line":13,"column":50},"end":{"line":13,"column":54}},"4":{"start":{"line":16,"column":4},"end":{"line":16,"column":33}},"5":{"start":{"line":17,"column":4},"end":{"line":17,"column":21}},"6":{"start":{"line":18,"column":4},"end":{"line":18,"column":18}},"7":{"start":{"line":19,"column":4},"end":{"line":19,"column":31}},"8":{"start":{"line":23,"column":19},"end":{"line":23,"column":48}},"9":{"start":{"line":24,"column":4},"end":{"line":37,"column":5}},"10":{"start":{"line":25,"column":6},"end":{"line":36,"column":7}},"11":{"start":{"line":26,"column":8},"end":{"line":31,"column":11}},"12":{"start":{"line":27,"column":10},"end":{"line":29,"column":11}},"13":{"start":{"line":28,"column":12},"end":{"line":28,"column":35}},"14":{"start":{"line":30,"column":10},"end":{"line":30,"column":23}},"15":{"start":{"line":32,"column":8},"end":{"line":33,"column":83}},"16":{"start":{"line":33,"column":68},"end":{"line":33,"column":72}},"17":{"start":{"line":35,"column":8},"end":{"line":35,"column":24}},"18":{"start":{"line":41,"column":4},"end":{"line":41,"column":62}},"19":{"start":{"line":42,"column":4},"end":{"line":42,"column":18}},"20":{"start":{"line":46,"column":4},"end":{"line":82,"column":10}},"21":{"start":{"line":47,"column":6},"end":{"line":47,"column":84}},"22":{"start":{"line":48,"column":24},"end":{"line":48,"column":84}},"23":{"start":{"line":49,"column":28},"end":{"line":49,"column":101}},"24":{"start":{"line":51,"column":6},"end":{"line":51,"column":65}},"25":{"start":{"line":51,"column":49},"end":{"line":51,"column":63}},"26":{"start":{"line":52,"column":6},"end":{"line":56,"column":9}},"27":{"start":{"line":53,"column":8},"end":{"line":55,"column":9}},"28":{"start":{"line":54,"column":10},"end":{"line":54,"column":25}},"29":{"start":{"line":58,"column":6},"end":{"line":64,"column":9}},"30":{"start":{"line":59,"column":8},"end":{"line":63,"column":11}},"31":{"start":{"line":60,"column":25},"end":{"line":60,"column":48}},"32":{"start":{"line":61,"column":30},"end":{"line":61,"column":98}},"33":{"start":{"line":62,"column":10},"end":{"line":62,"column":38}},"34":{"start":{"line":67,"column":6},"end":{"line":76,"column":9}},"35":{"start":{"line":68,"column":25},"end":{"line":68,"column":81}},"36":{"start":{"line":69,"column":26},"end":{"line":69,"column":80}},"37":{"start":{"line":70,"column":24},"end":{"line":70,"column":76}},"38":{"start":{"line":71,"column":19},"end":{"line":71,"column":64}},"39":{"start":{"line":73,"column":8},"end":{"line":73,"column":72}},"40":{"start":{"line":73,"column":51},"end":{"line":73,"column":70}},"41":{"start":{"line":74,"column":8},"end":{"line":74,"column":72}},"42":{"start":{"line":74,"column":51},"end":{"line":74,"column":70}},"43":{"start":{"line":75,"column":8},"end":{"line":75,"column":68}},"44":{"start":{"line":75,"column":49},"end":{"line":75,"column":66}},"45":{"start":{"line":79,"column":6},"end":{"line":81,"column":9}},"46":{"start":{"line":80,"column":8},"end":{"line":80,"column":30}},"47":{"start":{"line":86,"column":4},"end":{"line":86,"column":35}},"48":{"start":{"line":86,"column":28},"end":{"line":86,"column":35}},"49":{"start":{"line":88,"column":18},"end":{"line":88,"column":48}},"50":{"start":{"line":89,"column":4},"end":{"line":92,"column":5}},"51":{"start":{"line":90,"column":6},"end":{"line":90,"column":32}},"52":{"start":{"line":91,"column":6},"end":{"line":91,"column":13}},"53":{"start":{"line":94,"column":4},"end":{"line":99,"column":7}},"54":{"start":{"line":101,"column":4},"end":{"line":101,"column":33}},"55":{"start":{"line":102,"column":4},"end":{"line":102,"column":21}},"56":{"start":{"line":103,"column":4},"end":{"line":103,"column":30}},"57":{"start":{"line":107,"column":17},"end":{"line":107,"column":52}},"58":{"start":{"line":107,"column":40},"end":{"line":107,"column":51}},"59":{"start":{"line":108,"column":4},"end":{"line":111,"column":5}},"60":{"start":{"line":109,"column":6},"end":{"line":109,"column":39}},"61":{"start":{"line":110,"column":6},"end":{"line":110,"column":23}},"62":{"start":{"line":115,"column":4},"end":{"line":115,"column":55}},"63":{"start":{"line":115,"column":42},"end":{"line":115,"column":53}},"64":{"start":{"line":116,"column":4},"end":{"line":116,"column":21}},"65":{"start":{"line":120,"column":17},"end":{"line":120,"column":52}},"66":{"start":{"line":120,"column":40},"end":{"line":120,"column":51}},"67":{"start":{"line":121,"column":4},"end":{"line":121,"column":22}},"68":{"start":{"line":121,"column":15},"end":{"line":121,"column":22}},"69":{"start":{"line":123,"column":21},"end":{"line":123,"column":53}},"70":{"start":{"line":124,"column":4},"end":{"line":127,"column":5}},"71":{"start":{"line":125,"column":6},"end":{"line":125,"column":35}},"72":{"start":{"line":126,"column":6},"end":{"line":126,"column":23}},"73":{"start":{"line":131,"column":4},"end":{"line":134,"column":5}},"74":{"start":{"line":132,"column":6},"end":{"line":132,"column":58}},"75":{"start":{"line":132,"column":44},"end":{"line":132,"column":56}},"76":{"start":{"line":133,"column":6},"end":{"line":133,"column":23}},"77":{"start":{"line":138,"column":4},"end":{"line":138,"column":25}},"78":{"start":{"line":139,"column":4},"end":{"line":139,"column":18}},"79":{"start":{"line":143,"column":4},"end":{"line":150,"column":5}},"80":{"start":{"line":145,"column":8},"end":{"line":145,"column":54}},"81":{"start":{"line":145,"column":40},"end":{"line":145,"column":52}},"82":{"start":{"line":147,"column":8},"end":{"line":147,"column":53}},"83":{"start":{"line":147,"column":40},"end":{"line":147,"column":51}},"84":{"start":{"line":149,"column":8},"end":{"line":149,"column":26}},"85":{"start":{"line":154,"column":26},"end":{"line":154,"column":49}},"86":{"start":{"line":155,"column":27},"end":{"line":155,"column":71}},"87":{"start":{"line":155,"column":52},"end":{"line":155,"column":63}},"88":{"start":{"line":156,"column":24},"end":{"line":156,"column":58}},"89":{"start":{"line":158,"column":4},"end":{"line":247,"column":6}},"90":{"start":{"line":195,"column":30},"end":{"line":216,"column":19}},"91":{"start":{"line":249,"column":4},"end":{"line":249,"column":31}},"92":{"start":{"line":253,"column":4},"end":{"line":260,"column":5}},"93":{"start":{"line":255,"column":8},"end":{"line":255,"column":56}},"94":{"start":{"line":257,"column":8},"end":{"line":257,"column":55}},"95":{"start":{"line":259,"column":8},"end":{"line":259,"column":55}},"96":{"start":{"line":264,"column":16},"end":{"line":264,"column":45}},"97":{"start":{"line":265,"column":4},"end":{"line":265,"column":27}},"98":{"start":{"line":266,"column":4},"end":{"line":266,"column":25}}},"fnMap":{"0":{"name":"(anonymous_0)","decl":{"start":{"line":15,"column":2},"end":{"line":15,"column":3}},"loc":{"start":{"line":15,"column":39},"end":{"line":20,"column":3}},"line":15},"1":{"name":"(anonymous_1)","decl":{"start":{"line":22,"column":2},"end":{"line":22,"column":3}},"loc":{"start":{"line":22,"column":28},"end":{"line":38,"column":3}},"line":22},"2":{"name":"(anonymous_2)","decl":{"start":{"line":26,"column":40},"end":{"line":26,"column":41}},"loc":{"start":{"line":26,"column":56},"end":{"line":31,"column":9}},"line":26},"3":{"name":"(anonymous_3)","decl":{"start":{"line":33,"column":61},"end":{"line":33,"column":62}},"loc":{"start":{"line":33,"column":68},"end":{"line":33,"column":72}},"line":33},"4":{"name":"(anonymous_4)","decl":{"start":{"line":40,"column":2},"end":{"line":40,"column":3}},"loc":{"start":{"line":40,"column":28},"end":{"line":43,"column":3}},"line":40},"5":{"name":"(anonymous_5)","decl":{"start":{"line":45,"column":2},"end":{"line":45,"column":3}},"loc":{"start":{"line":45,"column":38},"end":{"line":83,"column":3}},"line":45},"6":{"name":"(anonymous_6)","decl":{"start":{"line":46,"column":15},"end":{"line":46,"column":16}},"loc":{"start":{"line":46,"column":21},"end":{"line":82,"column":5}},"line":46},"7":{"name":"(anonymous_7)","decl":{"start":{"line":51,"column":43},"end":{"line":51,"column":44}},"loc":{"start":{"line":51,"column":49},"end":{"line":51,"column":63}},"line":51},"8":{"name":"(anonymous_8)","decl":{"start":{"line":52,"column":54},"end":{"line":52,"column":55}},"loc":{"start":{"line":52,"column":61},"end":{"line":56,"column":7}},"line":52},"9":{"name":"(anonymous_9)","decl":{"start":{"line":58,"column":28},"end":{"line":58,"column":29}},"loc":{"start":{"line":58,"column":37},"end":{"line":64,"column":7}},"line":58},"10":{"name":"(anonymous_10)","decl":{"start":{"line":59,"column":38},"end":{"line":59,"column":39}},"loc":{"start":{"line":59,"column":45},"end":{"line":63,"column":9}},"line":59},"11":{"name":"(anonymous_11)","decl":{"start":{"line":67,"column":54},"end":{"line":67,"column":55}},"loc":{"start":{"line":67,"column":64},"end":{"line":76,"column":7}},"line":67},"12":{"name":"(anonymous_12)","decl":{"start":{"line":73,"column":45},"end":{"line":73,"column":46}},"loc":{"start":{"line":73,"column":51},"end":{"line":73,"column":70}},"line":73},"13":{"name":"(anonymous_13)","decl":{"start":{"line":74,"column":45},"end":{"line":74,"column":46}},"loc":{"start":{"line":74,"column":51},"end":{"line":74,"column":70}},"line":74},"14":{"name":"(anonymous_14)","decl":{"start":{"line":75,"column":43},"end":{"line":75,"column":44}},"loc":{"start":{"line":75,"column":49},"end":{"line":75,"column":66}},"line":75},"15":{"name":"(anonymous_15)","decl":{"start":{"line":79,"column":80},"end":{"line":79,"column":81}},"loc":{"start":{"line":79,"column":86},"end":{"line":81,"column":7}},"line":79},"16":{"name":"(anonymous_16)","decl":{"start":{"line":85,"column":2},"end":{"line":85,"column":3}},"loc":{"start":{"line":85,"column":26},"end":{"line":104,"column":3}},"line":85},"17":{"name":"(anonymous_17)","decl":{"start":{"line":106,"column":2},"end":{"line":106,"column":3}},"loc":{"start":{"line":106,"column":39},"end":{"line":112,"column":3}},"line":106},"18":{"name":"(anonymous_18)","decl":{"start":{"line":107,"column":33},"end":{"line":107,"column":34}},"loc":{"start":{"line":107,"column":40},"end":{"line":107,"column":51}},"line":107},"19":{"name":"(anonymous_19)","decl":{"start":{"line":114,"column":2},"end":{"line":114,"column":3}},"loc":{"start":{"line":114,"column":39},"end":{"line":117,"column":3}},"line":114},"20":{"name":"(anonymous_20)","decl":{"start":{"line":115,"column":35},"end":{"line":115,"column":36}},"loc":{"start":{"line":115,"column":42},"end":{"line":115,"column":53}},"line":115},"21":{"name":"(anonymous_21)","decl":{"start":{"line":119,"column":2},"end":{"line":119,"column":3}},"loc":{"start":{"line":119,"column":37},"end":{"line":128,"column":3}},"line":119},"22":{"name":"(anonymous_22)","decl":{"start":{"line":120,"column":33},"end":{"line":120,"column":34}},"loc":{"start":{"line":120,"column":40},"end":{"line":120,"column":51}},"line":120},"23":{"name":"(anonymous_23)","decl":{"start":{"line":130,"column":2},"end":{"line":130,"column":3}},"loc":{"start":{"line":130,"column":33},"end":{"line":135,"column":3}},"line":130},"24":{"name":"(anonymous_24)","decl":{"start":{"line":132,"column":37},"end":{"line":132,"column":38}},"loc":{"start":{"line":132,"column":44},"end":{"line":132,"column":56}},"line":132},"25":{"name":"(anonymous_25)","decl":{"start":{"line":137,"column":2},"end":{"line":137,"column":3}},"loc":{"start":{"line":137,"column":66},"end":{"line":140,"column":3}},"line":137},"26":{"name":"(anonymous_26)","decl":{"start":{"line":142,"column":2},"end":{"line":142,"column":3}},"loc":{"start":{"line":142,"column":37},"end":{"line":151,"column":3}},"line":142},"27":{"name":"(anonymous_27)","decl":{"start":{"line":145,"column":33},"end":{"line":145,"column":34}},"loc":{"start":{"line":145,"column":40},"end":{"line":145,"column":52}},"line":145},"28":{"name":"(anonymous_28)","decl":{"start":{"line":147,"column":33},"end":{"line":147,"column":34}},"loc":{"start":{"line":147,"column":40},"end":{"line":147,"column":51}},"line":147},"29":{"name":"(anonymous_29)","decl":{"start":{"line":153,"column":2},"end":{"line":153,"column":3}},"loc":{"start":{"line":153,"column":25},"end":{"line":250,"column":3}},"line":153},"30":{"name":"(anonymous_30)","decl":{"start":{"line":155,"column":45},"end":{"line":155,"column":46}},"loc":{"start":{"line":155,"column":52},"end":{"line":155,"column":63}},"line":155},"31":{"name":"(anonymous_31)","decl":{"start":{"line":195,"column":20},"end":{"line":195,"column":21}},"loc":{"start":{"line":195,"column":30},"end":{"line":216,"column":19}},"line":195},"32":{"name":"(anonymous_32)","decl":{"start":{"line":252,"column":2},"end":{"line":252,"column":3}},"loc":{"start":{"line":252,"column":36},"end":{"line":261,"column":3}},"line":252},"33":{"name":"(anonymous_33)","decl":{"start":{"line":263,"column":2},"end":{"line":263,"column":3}},"loc":{"start":{"line":263,"column":43},"end":{"line":267,"column":3}},"line":263}},"branchMap":{"0":{"loc":{"start":{"line":24,"column":4},"end":{"line":37,"column":5}},"type":"if","locations":[{"start":{"line":24,"column":4},"end":{"line":37,"column":5}},{"start":{},"end":{}}],"line":24},"1":{"loc":{"start":{"line":27,"column":10},"end":{"line":29,"column":11}},"type":"if","locations":[{"start":{"line":27,"column":10},"end":{"line":29,"column":11}},{"start":{},"end":{}}],"line":27},"2":{"loc":{"start":{"line":33,"column":10},"end":{"line":33,"column":82}},"type":"cond-expr","locations":[{"start":{"line":33,"column":34},"end":{"line":33,"column":78}},{"start":{"line":33,"column":81},"end":{"line":33,"column":82}}],"line":33},"3":{"loc":{"start":{"line":53,"column":8},"end":{"line":55,"column":9}},"type":"if","locations":[{"start":{"line":53,"column":8},"end":{"line":55,"column":9}},{"start":{},"end":{}}],"line":53},"4":{"loc":{"start":{"line":71,"column":28},"end":{"line":71,"column":63}},"type":"binary-expr","locations":[{"start":{"line":71,"column":28},"end":{"line":71,"column":56}},{"start":{"line":71,"column":60},"end":{"line":71,"column":63}}],"line":71},"5":{"loc":{"start":{"line":86,"column":4},"end":{"line":86,"column":35}},"type":"if","locations":[{"start":{"line":86,"column":4},"end":{"line":86,"column":35}},{"start":{},"end":{}}],"line":86},"6":{"loc":{"start":{"line":89,"column":4},"end":{"line":92,"column":5}},"type":"if","locations":[{"start":{"line":89,"column":4},"end":{"line":92,"column":5}},{"start":{},"end":{}}],"line":89},"7":{"loc":{"start":{"line":108,"column":4},"end":{"line":111,"column":5}},"type":"if","locations":[{"start":{"line":108,"column":4},"end":{"line":111,"column":5}},{"start":{},"end":{}}],"line":108},"8":{"loc":{"start":{"line":121,"column":4},"end":{"line":121,"column":22}},"type":"if","locations":[{"start":{"line":121,"column":4},"end":{"line":121,"column":22}},{"start":{},"end":{}}],"line":121},"9":{"loc":{"start":{"line":124,"column":4},"end":{"line":127,"column":5}},"type":"if","locations":[{"start":{"line":124,"column":4},"end":{"line":127,"column":5}},{"start":{},"end":{}}],"line":124},"10":{"loc":{"start":{"line":124,"column":8},"end":{"line":124,"column":51}},"type":"binary-expr","locations":[{"start":{"line":124,"column":8},"end":{"line":124,"column":25}},{"start":{"line":124,"column":29},"end":{"line":124,"column":51}}],"line":124},"11":{"loc":{"start":{"line":131,"column":4},"end":{"line":134,"column":5}},"type":"if","locations":[{"start":{"line":131,"column":4},"end":{"line":134,"column":5}},{"start":{},"end":{}}],"line":131},"12":{"loc":{"start":{"line":143,"column":4},"end":{"line":150,"column":5}},"type":"switch","locations":[{"start":{"line":144,"column":6},"end":{"line":145,"column":54}},{"start":{"line":146,"column":6},"end":{"line":147,"column":53}},{"start":{"line":148,"column":6},"end":{"line":149,"column":26}}],"line":143},"13":{"loc":{"start":{"line":188,"column":12},"end":{"line":218,"column":27}},"type":"cond-expr","locations":[{"start":{"line":189,"column":16},"end":{"line":192,"column":24}},{"start":{"line":193,"column":16},"end":{"line":218,"column":27}}],"line":188},"14":{"loc":{"start":{"line":196,"column":44},"end":{"line":196,"column":77}},"type":"cond-expr","locations":[{"start":{"line":196,"column":61},"end":{"line":196,"column":72}},{"start":{"line":196,"column":75},"end":{"line":196,"column":77}}],"line":196},"15":{"loc":{"start":{"line":197,"column":69},"end":{"line":197,"column":100}},"type":"cond-expr","locations":[{"start":{"line":197,"column":86},"end":{"line":197,"column":95}},{"start":{"line":197,"column":98},"end":{"line":197,"column":100}}],"line":197},"16":{"loc":{"start":{"line":223,"column":10},"end":{"line":229,"column":16}},"type":"cond-expr","locations":[{"start":{"line":224,"column":14},"end":{"line":228,"column":13}},{"start":{"line":229,"column":14},"end":{"line":229,"column":16}}],"line":223},"17":{"loc":{"start":{"line":226,"column":88},"end":{"line":226,"column":127}},"type":"cond-expr","locations":[{"start":{"line":226,"column":111},"end":{"line":226,"column":117}},{"start":{"line":226,"column":120},"end":{"line":226,"column":127}}],"line":226},"18":{"loc":{"start":{"line":253,"column":4},"end":{"line":260,"column":5}},"type":"switch","locations":[{"start":{"line":254,"column":6},"end":{"line":255,"column":56}},{"start":{"line":256,"column":6},"end":{"line":257,"column":55}},{"start":{"line":258,"column":6},"end":{"line":259,"column":55}}],"line":253}},"s":{"0":82,"1":82,"2":82,"3":82,"4":82,"5":82,"6":82,"7":82,"8":82,"9":82,"10":71,"11":71,"12":426,"13":71,"14":355,"15":71,"16":71,"17":0,"18":0,"19":0,"20":164,"21":0,"22":0,"23":0,"24":0,"25":0,"26":0,"27":0,"28":0,"29":0,"30":0,"31":0,"32":0,"33":0,"34":0,"35":0,"36":0,"37":0,"38":0,"39":0,"40":0,"41":0,"42":0,"43":0,"44":0,"45":0,"46":0,"47":0,"48":0,"49":0,"50":0,"51":0,"52":0,"53":0,"54":0,"55":0,"56":0,"57":0,"58":0,"59":0,"60":0,"61":0,"62":0,"63":0,"64":0,"65":0,"66":0,"67":0,"68":0,"69":0,"70":0,"71":0,"72":0,"73":0,"74":0,"75":0,"76":0,"77":0,"78":0,"79":82,"80":0,"81":0,"82":0,"83":0,"84":82,"85":82,"86":82,"87":71,"88":82,"89":82,"90":71,"91":82,"92":11,"93":0,"94":0,"95":11,"96":71,"97":71,"98":71},"f":{"0":82,"1":82,"2":426,"3":71,"4":0,"5":164,"6":0,"7":0,"8":0,"9":0,"10":0,"11":0,"12":0,"13":0,"14":0,"15":0,"16":0,"17":0,"18":0,"19":0,"20":0,"21":0,"22":0,"23":0,"24":0,"25":0,"26":82,"27":0,"28":0,"29":82,"30":71,"31":71,"32":11,"33":71},"b":{"0":[71,11],"1":[71,355],"2":[71,0],"3":[0,0],"4":[0,0],"5":[0,0],"6":[0,0],"7":[0,0],"8":[0,0],"9":[0,0],"10":[0,0],"11":[0,0],"12":[0,0,82],"13":[11,71],"14":[0,71],"15":[0,71],"16":[0,82],"17":[0,0],"18":[0,0,11]},"_coverageSchema":"1a1c01bbd47fc00a2c39e90264f33305004495a9","hash":"bc570e1cb4cd7b73256d82ba9e2669f2a0bb1025"}
}
