TN:
SF:src\main.ts
FNF:0
FNH:0
DA:4,0
DA:5,0
LF:2
LH:0
BRF:0
BRH:0
end_of_record
TN:
SF:src\todos.ts
FN:15,(anonymous_0)
FN:22,(anonymous_1)
FN:26,(anonymous_2)
FN:33,(anonymous_3)
FN:40,(anonymous_4)
FN:45,(anonymous_5)
FN:46,(anonymous_6)
FN:51,(anonymous_7)
FN:52,(anonymous_8)
FN:58,(anonymous_9)
FN:59,(anonymous_10)
FN:67,(anonymous_11)
FN:73,(anonymous_12)
FN:74,(anonymous_13)
FN:75,(anonymous_14)
FN:79,(anonymous_15)
FN:85,(anonymous_16)
FN:106,(anonymous_17)
FN:107,(anonymous_18)
FN:114,(anonymous_19)
FN:115,(anonymous_20)
FN:119,(anonymous_21)
FN:120,(anonymous_22)
FN:130,(anonymous_23)
FN:132,(anonymous_24)
FN:137,(anonymous_25)
FN:142,(anonymous_26)
FN:145,(anonymous_27)
FN:147,(anonymous_28)
FN:153,(anonymous_29)
FN:155,(anonymous_30)
FN:195,(anonymous_31)
FN:252,(anonymous_32)
FN:263,(anonymous_33)
FNF:34
FNH:11
FNDA:82,(anonymous_0)
FNDA:82,(anonymous_1)
FNDA:426,(anonymous_2)
FNDA:71,(anonymous_3)
FNDA:0,(anonymous_4)
FNDA:164,(anonymous_5)
FNDA:0,(anonymous_6)
FNDA:0,(anonymous_7)
FNDA:0,(anonymous_8)
FNDA:0,(anonymous_9)
FNDA:0,(anonymous_10)
FNDA:0,(anonymous_11)
FNDA:0,(anonymous_12)
FNDA:0,(anonymous_13)
FNDA:0,(anonymous_14)
FNDA:0,(anonymous_15)
FNDA:0,(anonymous_16)
FNDA:0,(anonymous_17)
FNDA:0,(anonymous_18)
FNDA:0,(anonymous_19)
FNDA:0,(anonymous_20)
FNDA:0,(anonymous_21)
FNDA:0,(anonymous_22)
FNDA:0,(anonymous_23)
FNDA:0,(anonymous_24)
FNDA:0,(anonymous_25)
FNDA:82,(anonymous_26)
FNDA:0,(anonymous_27)
FNDA:0,(anonymous_28)
FNDA:82,(anonymous_29)
FNDA:71,(anonymous_30)
FNDA:71,(anonymous_31)
FNDA:11,(anonymous_32)
FNDA:71,(anonymous_33)
DA:9,82
DA:10,82
DA:11,82
DA:13,82
DA:16,82
DA:17,82
DA:18,82
DA:19,82
DA:23,82
DA:24,82
DA:25,71
DA:26,71
DA:27,426
DA:28,71
DA:30,355
DA:32,71
DA:33,71
DA:35,0
DA:41,0
DA:42,0
DA:46,164
DA:47,0
DA:48,0
DA:49,0
DA:51,0
DA:52,0
DA:53,0
DA:54,0
DA:58,0
DA:59,0
DA:60,0
DA:61,0
DA:62,0
DA:67,0
DA:68,0
DA:69,0
DA:70,0
DA:71,0
DA:73,0
DA:74,0
DA:75,0
DA:79,0
DA:80,0
DA:86,0
DA:88,0
DA:89,0
DA:90,0
DA:91,0
DA:94,0
DA:101,0
DA:102,0
DA:103,0
DA:107,0
DA:108,0
DA:109,0
DA:110,0
DA:115,0
DA:116,0
DA:120,0
DA:121,0
DA:123,0
DA:124,0
DA:125,0
DA:126,0
DA:131,0
DA:132,0
DA:133,0
DA:138,0
DA:139,0
DA:143,82
DA:145,0
DA:147,0
DA:149,82
DA:154,82
DA:155,82
DA:156,82
DA:158,82
DA:195,71
DA:249,82
DA:253,11
DA:255,0
DA:257,0
DA:259,11
DA:264,71
DA:265,71
DA:266,71
LF:86
LH:31
BRDA:24,0,0,71
BRDA:24,0,1,11
BRDA:27,1,0,71
BRDA:27,1,1,355
BRDA:33,2,0,71
BRDA:33,2,1,0
BRDA:53,3,0,0
BRDA:53,3,1,0
BRDA:71,4,0,0
BRDA:71,4,1,0
BRDA:86,5,0,0
BRDA:86,5,1,0
BRDA:89,6,0,0
BRDA:89,6,1,0
BRDA:108,7,0,0
BRDA:108,7,1,0
BRDA:121,8,0,0
BRDA:121,8,1,0
BRDA:124,9,0,0
BRDA:124,9,1,0
BRDA:124,10,0,0
BRDA:124,10,1,0
BRDA:131,11,0,0
BRDA:131,11,1,0
BRDA:143,12,0,0
BRDA:143,12,1,0
BRDA:143,12,2,82
BRDA:188,13,0,11
BRDA:188,13,1,71
BRDA:196,14,0,0
BRDA:196,14,1,71
BRDA:197,15,0,0
BRDA:197,15,1,71
BRDA:223,16,0,0
BRDA:223,16,1,82
BRDA:226,17,0,0
BRDA:226,17,1,0
BRDA:253,18,0,0
BRDA:253,18,1,0
BRDA:253,18,2,11
BRF:40
BRH:12
end_of_record
