<?xml version="1.0" encoding="UTF-8"?>
<coverage generated="1768737532677" clover="3.2.0">
  <project timestamp="1768737532677" name="All files">
    <metrics statements="88" coveredstatements="31" conditionals="40" coveredconditionals="12" methods="34" coveredmethods="11" elements="162" coveredelements="54" complexity="0" loc="88" ncloc="88" packages="1" files="2" classes="2"/>
    <file name="main.ts" path="C:\Users\hp\OneDrive\Desktop\Project-iNG\Project-iNG\my-app\src\main.ts">
      <metrics statements="2" coveredstatements="0" conditionals="0" coveredconditionals="0" methods="0" coveredmethods="0"/>
      <line num="4" count="0" type="stmt"/>
      <line num="5" count="0" type="stmt"/>
    </file>
    <file name="todos.ts" path="C:\Users\hp\OneDrive\Desktop\Project-iNG\Project-iNG\my-app\src\todos.ts">
      <metrics statements="86" coveredstatements="31" conditionals="40" coveredconditionals="12" methods="34" coveredmethods="11"/>
      <line num="9" count="82" type="stmt"/>
      <line num="10" count="82" type="stmt"/>
      <line num="11" count="82" type="stmt"/>
      <line num="13" count="82" type="stmt"/>
      <line num="16" count="82" type="stmt"/>
      <line num="17" count="82" type="stmt"/>
      <line num="18" count="82" type="stmt"/>
      <line num="19" count="82" type="stmt"/>
      <line num="23" count="82" type="stmt"/>
      <line num="24" count="82" type="cond" truecount="2" falsecount="0"/>
      <line num="25" count="71" type="stmt"/>
      <line num="26" count="71" type="stmt"/>
      <line num="27" count="426" type="cond" truecount="2" falsecount="0"/>
      <line num="28" count="71" type="stmt"/>
      <line num="30" count="355" type="stmt"/>
      <line num="32" count="71" type="stmt"/>
      <line num="33" count="71" type="cond" truecount="1" falsecount="1"/>
      <line num="35" count="0" type="stmt"/>
      <line num="41" count="0" type="stmt"/>
      <line num="42" count="0" type="stmt"/>
      <line num="46" count="164" type="stmt"/>
      <line num="47" count="0" type="stmt"/>
      <line num="48" count="0" type="stmt"/>
      <line num="49" count="0" type="stmt"/>
      <line num="51" count="0" type="stmt"/>
      <line num="52" count="0" type="stmt"/>
      <line num="53" count="0" type="cond" truecount="0" falsecount="2"/>
      <line num="54" count="0" type="stmt"/>
      <line num="58" count="0" type="stmt"/>
      <line num="59" count="0" type="stmt"/>
      <line num="60" count="0" type="stmt"/>
      <line num="61" count="0" type="stmt"/>
      <line num="62" count="0" type="stmt"/>
      <line num="67" count="0" type="stmt"/>
      <line num="68" count="0" type="stmt"/>
      <line num="69" count="0" type="stmt"/>
      <line num="70" count="0" type="stmt"/>
      <line num="71" count="0" type="cond" truecount="0" falsecount="2"/>
      <line num="73" count="0" type="stmt"/>
      <line num="74" count="0" type="stmt"/>
      <line num="75" count="0" type="stmt"/>
      <line num="79" count="0" type="stmt"/>
      <line num="80" count="0" type="stmt"/>
      <line num="86" count="0" type="cond" truecount="0" falsecount="2"/>
      <line num="88" count="0" type="stmt"/>
      <line num="89" count="0" type="cond" truecount="0" falsecount="2"/>
      <line num="90" count="0" type="stmt"/>
      <line num="91" count="0" type="stmt"/>
      <line num="94" count="0" type="stmt"/>
      <line num="101" count="0" type="stmt"/>
      <line num="102" count="0" type="stmt"/>
      <line num="103" count="0" type="stmt"/>
      <line num="107" count="0" type="stmt"/>
      <line num="108" count="0" type="cond" truecount="0" falsecount="2"/>
      <line num="109" count="0" type="stmt"/>
      <line num="110" count="0" type="stmt"/>
      <line num="115" count="0" type="stmt"/>
      <line num="116" count="0" type="stmt"/>
      <line num="120" count="0" type="stmt"/>
      <line num="121" count="0" type="cond" truecount="0" falsecount="2"/>
      <line num="123" count="0" type="stmt"/>
      <line num="124" count="0" type="cond" truecount="0" falsecount="4"/>
      <line num="125" count="0" type="stmt"/>
      <line num="126" count="0" type="stmt"/>
      <line num="131" count="0" type="cond" truecount="0" falsecount="2"/>
      <line num="132" count="0" type="stmt"/>
      <line num="133" count="0" type="stmt"/>
      <line num="138" count="0" type="stmt"/>
      <line num="139" count="0" type="stmt"/>
      <line num="143" count="82" type="cond" truecount="1" falsecount="2"/>
      <line num="145" count="0" type="stmt"/>
      <line num="147" count="0" type="stmt"/>
      <line num="149" count="82" type="stmt"/>
      <line num="154" count="82" type="stmt"/>
      <line num="155" count="82" type="stmt"/>
      <line num="156" count="82" type="stmt"/>
      <line num="158" count="82" type="stmt"/>
      <line num="195" count="71" type="stmt"/>
      <line num="249" count="82" type="stmt"/>
      <line num="253" count="11" type="cond" truecount="1" falsecount="2"/>
      <line num="255" count="0" type="stmt"/>
      <line num="257" count="0" type="stmt"/>
      <line num="259" count="11" type="stmt"/>
      <line num="264" count="71" type="stmt"/>
      <line num="265" count="71" type="stmt"/>
      <line num="266" count="71" type="stmt"/>
    </file>
  </project>
</coverage>
